<?xml version="1.0" encoding="UTF-8"?>
<testsuite name="com.fibonacci.fibohealth.FoodLogDiffTest" tests="3" skipped="0" failures="0" errors="0" timestamp="2026-04-19T22:00:42.053Z" hostname="Wilhelms-MacBook-Pro.local" time="0.003">
  <properties/>
  <testcase name="removed entries are deleted" classname="com.fibonacci.fibohealth.FoodLogDiffTest" time="0.003"/>
  <testcase name="new entries are inserted" classname="com.fibonacci.fibohealth.FoodLogDiffTest" time="0.0"/>
  <testcase name="no change produces empty diff" classname="com.fibonacci.fibohealth.FoodLogDiffTest" time="0.0"/>
  <system-out><![CDATA[]]></system-out>
  <system-err><![CDATA[]]></system-err>
</testsuite>
